Virtuoso Framework License (111) was checked out successfully. Total checkout time was 0.11s.
*INFO* (icLic-302) License Virtuoso_Schematic_Editor_XL ("Schematics XL") was used to run Schematics L.
*WARNING* The directory: '/tmp/jneuenda_vue_0h9HzX/VUE_HILITE_kxP8Oq' does not exist
	but was defined in libFile '/afs/asu.edu/users/j/n/e/jneuenda/425_proj_final/425_lab_3/cds.lib' for Lib 'VUE_HILITE_kxP8Oq'.
*WARNING* The directory: '/tmp/jneuenda_vue_aee43r/VUE_HILITE_SBtFYn' does not exist
	but was defined in libFile '/afs/asu.edu/users/j/n/e/jneuenda/425_proj_final/425_lab_3/cds.lib' for Lib 'VUE_HILITE_SBtFYn'.
*WARNING* The directory: '/tmp/jneuenda_vue_DJdYKg/VUE_HILITE_jaqePH' does not exist
	but was defined in libFile '/afs/asu.edu/users/j/n/e/jneuenda/425_proj_final/425_lab_3/cds.lib' for Lib 'VUE_HILITE_jaqePH'.
*WARNING* The directory: '/tmp/jneuenda_vue_IW2zkO/VUE_HILITE_iML7hg' does not exist
	but was defined in libFile '/afs/asu.edu/users/j/n/e/jneuenda/425_proj_final/425_lab_3/cds.lib' for Lib 'VUE_HILITE_iML7hg'.
*WARNING* The directory: '/tmp/jneuenda_vue_LoK3Tv/VUE_HILITE_NDYxXq' does not exist
	but was defined in libFile '/afs/asu.edu/users/j/n/e/jneuenda/425_proj_final/425_lab_3/cds.lib' for Lib 'VUE_HILITE_NDYxXq'.
*WARNING* The directory: '/tmp/jneuenda_vue_0h9HzX/VUE_HILITE_kxP8Oq' does not exist
	but was defined in libFile '/afs/asu.edu/users/j/n/e/jneuenda/425_proj_final/425_lab_3/cds.lib' for Lib 'VUE_HILITE_kxP8Oq'.
*WARNING* The directory: '/tmp/jneuenda_vue_aee43r/VUE_HILITE_SBtFYn' does not exist
	but was defined in libFile '/afs/asu.edu/users/j/n/e/jneuenda/425_proj_final/425_lab_3/cds.lib' for Lib 'VUE_HILITE_SBtFYn'.
*WARNING* The directory: '/tmp/jneuenda_vue_DJdYKg/VUE_HILITE_jaqePH' does not exist
	but was defined in libFile '/afs/asu.edu/users/j/n/e/jneuenda/425_proj_final/425_lab_3/cds.lib' for Lib 'VUE_HILITE_jaqePH'.
*WARNING* The directory: '/tmp/jneuenda_vue_IW2zkO/VUE_HILITE_iML7hg' does not exist
	but was defined in libFile '/afs/asu.edu/users/j/n/e/jneuenda/425_proj_final/425_lab_3/cds.lib' for Lib 'VUE_HILITE_iML7hg'.
*WARNING* The directory: '/tmp/jneuenda_vue_LoK3Tv/VUE_HILITE_NDYxXq' does not exist
	but was defined in libFile '/afs/asu.edu/users/j/n/e/jneuenda/425_proj_final/425_lab_3/cds.lib' for Lib 'VUE_HILITE_NDYxXq'.
Running Artist Hierarchical Netlisting ...
WARNING (OSSHNL-117): Ignoring switch view 'schematic' of cell 'vdd' in library 'basic', as it does not contain
any instance. To netlist this cell, add this switch view to the stop list or to
ignore any specific instance set the property 'nlAction' to value "ignore" on
this cell view.

WARNING (OSSHNL-117): Ignoring switch view 'schematic' of cell 'gnd' in library 'basic', as it does not contain
any instance. To netlist this cell, add this switch view to the stop list or to
ignore any specific instance set the property 'nlAction' to value "ignore" on
this cell view.

Loading cdf.cxt 
End netlisting Apr 27 00:30:34 2022
