********************************************************************************
Product   : Virtuoso(R) XStream Out
Program   : @(#)$CDS: strmout version 6.1.7-64b 07/10/2018 19:55 (sjfhw317) $
          : sub-version  IC6.1.7-64b.500.21 
Started at: 03-Apr-2022  22:10:57
User Name : jneuenda
Host Name : eecad3.eas.asu.edu
Directory : /afs/asu.edu/users/j/n/e/jneuenda/425_proj/425_lab
CADENCE Design Systems, Inc.
********************************************************************************
Info: Cellview Rev Num:99,  Tech Rev Num:59

WARNING (XSTRM-20): Output Stream file '/afs/asu.edu/users/j/n/e/jneuenda/425_proj/425_lab/drc/one_bit_adder_Leg4.gdsOut' already exists. It will be overwritten.
INFO (XSTRM-288): Performing automatic layer mapping because either the layer mapping information is not provided or the XST_AUTO_LM  value is used with the -layerMap option. Additionally, the  'xStrmOut_layerMap.txt' file has been generated and the mapping information has been added to it.
INFO (XSTRM-162): You have not used the viaMap option. If the OpenAccess design has native oaVia instances, use the -viaMap option for preserving oaVia instances in a Stream Out - Stream In round trip. Using the -viaMap option improves performance and VM usage of applications using the Streamed-In design.  For details on the viaMap option, refer to the "Design Data Translator's Reference" guide for XStream.

Summary of Options :
library                                 Lab4
strmFile                                one_bit_adder_Leg4.gdsOut
topCell                                 one_bit_adder_Leg4
view                                    layout
runDir                                  /afs/asu.edu/users/j/n/e/jneuenda/425_proj/425_lab/drc
logFile                                 strmOut.log
hierDepth                               32
case                                    Preserve
convertDot                              node

INFO (XSTRM-223): 1. Translating cellView Lab4/one_bit_adder_Leg4/layout as STRUCTURE one_bit_adder_Leg4.

Summary of Objects Translated:
	Scalar Instances:                       0
	Array Instances:                        0
	Polygons:                               0
	Paths:                                  0
	Rectangles:                             251
	Lines:                                  0
	Arcs:                                   0
	Donuts:                                 0
	Dots:                                   0
	Ellipses:                               0
	Boundaries:                             0
	Area Blockages:                         0
	Layer Blockages:                        0
	Area Halos:                             0
	Markers:                                0
	Rows:                                   0
	Standard Vias                           0
	Custom Vias:                            0
	CdsGen Vias:                            0
	Pathsegs:                               0
	Text:                                   7
	TextDisplay:                            0
	Cells:                                  1

Elapsed Time: 1.5s   User Time: 0.1s   CPU Time: 0.1s   Peak VM: 2200KB
INFO (XSTRM-234): Translation completed. '0' error(s) and '1' warning(s) found.
