\o Program:		@(#)$CDS: libManager version 6.1.7 - CAT35 06/05/2018 21:25 (sjfhw306) $
\o Sub version:		sub-version  s211 
\o Arguments:		-mpssession virtuoso9803 -mpshost eecad100 
\o Working Directory:	eecad100:/afs/asu.edu/users/a/l/r/alrosen2/425_lab
\o 64-bit offsets
\o Qt version: 		4.8.5
\o Log file is "/afs/asu.edu/users/a/l/r/alrosen2/425_lab/libManager.log".
\o Opening libManager window.
\a nrSetCurrentWindow(cdsLibManager)
\a nrResizeWindow(cdsLibManager list(178 349 1042 585))
\o changeWorkingDir("/afs/asu.edu/users/a/l/r/alrosen2/425_lab") unnecessary.
\o ddSetForcedLib("") unnecessary.
\o MPS service: map window
\w Warning: The directory: '/tmp/jneuenda_vue_LoK3Tv/VUE_HILITE_NDYxXq' does not exist
\w 	but was defined in libFile '/afs/asu.edu/users/a/l/r/alrosen2/425_lab/cds.lib' for Lib 'VUE_HILITE_NDYxXq'.
\w Warning: The directory: '/afs/asu.edu/users/j/n/e/jneuenda/425_proj/425_lab/Lab4' does not exist
\w 	but was defined in libFile '/afs/asu.edu/users/a/l/r/alrosen2/425_lab/cds.lib' for Lib 'Lab4'.
\o Library Manager customization server connected.
\a nrSetCurrentWindow(cdsLibManager)
\a cdsLibManager->FileNewLibButton->value = t
\a nrSetWindowVisibility(NewLibShell "show")
\a NewLibShell->QLineEdit2->value = "/afs/asu.edu/users/a/l/r/alrosen2/425_lab/"
\a nrSetCurrentWindow(cdsLibManager)
\a nrSetCurrentWindow(NewLibShell)
\a nrSetCurrentWindow(NewLibShell->subDialog)
\a nrResizeWindow(NewLibShell list(446 357 507 559))
\a NewLibShell->newLibNameText->value = "Lab4"
\a NewLibShell->newLibOKButton->value = t
\a NewLibShell->subDialog->value = '("/afs/asu.edu/users/a/l/r/alrosen2/425_lab" "/afs/asu.edu/users/a/l/r/alrosen2/425_lab/")
\a nrSetWindowVisibility(workingDialogForm "show")
\a nrSetCurrentWindow(workingDialogForm)
\a nrResizeWindow(workingDialogForm list(564 499 271 133))
\o Created new library "Lab4" at /afs/asu.edu/users/a/l/r/alrosen2/425_lab/Lab4.
\a nrSetCurrentWindow(cdsLibManager)
\a nrSetCurrentWindow(NewLibShell)
\a nrSetCurrentWindow(cdsLibManager)
\w Warning: LIB Lab4 from File /afs/asu.edu/users/a/l/r/alrosen2/425_lab/cds.lib Line 29 redefines
\w LIB Lab4 from the same file (defined earlier.)
\w Warning: The directory: '/tmp/jneuenda_vue_LoK3Tv/VUE_HILITE_NDYxXq' does not exist
\w 	but was defined in libFile '/afs/asu.edu/users/a/l/r/alrosen2/425_lab/cds.lib' for Lib 'VUE_HILITE_NDYxXq'.
\w Warning: LIB Lab4 from File /afs/asu.edu/users/a/l/r/alrosen2/425_lab/cds.lib Line 29 redefines
\w LIB Lab4 from the same file (defined earlier.)
\w Warning: The directory: '/tmp/jneuenda_vue_LoK3Tv/VUE_HILITE_NDYxXq' does not exist
\w 	but was defined in libFile '/afs/asu.edu/users/a/l/r/alrosen2/425_lab/cds.lib' for Lib 'VUE_HILITE_NDYxXq'.
\a nrSetCurrentWindow(cdsLibManager)
\a nrResizeWindow(cdsLibManager list(140 348 1042 585))
\a nrResizeWindow(cdsLibManager list(84 347 1042 585))
\a nrSetCurrentWindow(cdsLibManager)
\a cdsLibManager->libListBox->value = "Lab4"
\a cdsLibManager->libLineEdit->value = "Lab4"
\a cdsLibManager->FileNewCVButton->value = t
\a nrSetCurrentWindow(cdsLibManager)
\a nrSetCurrentWindow(cdsLibManager)
\a nrSetCurrentWindow(cdsLibManager)
\a cdsLibManager->libListBox->value = "SAED_PDK_32_28"
\a cdsLibManager->libLineEdit->value = "SAED_PDK_32_28"
\a nrSetCurrentWindow(cdsLibManager)
\a _lmgrCloseIconify("cdsLibManager" 1)
\o MPS service: shutdown
\o libManager is exiting.
\a nrSetWindowVisibility(cdsLibManager "hide")
\a exit(0)
