********************************************************************************
Product   : Virtuoso(R) XStream Out
Program   : @(#)$CDS: strmout version 6.1.7-64b 07/10/2018 19:55 (sjfhw317) $
          : sub-version  IC6.1.7-64b.500.21 
Started at: 27-Apr-2022  00:43:24
User Name : jneuenda
Host Name : eecad6.eas.asu.edu
Directory : /afs/asu.edu/users/j/n/e/jneuenda/425_proj_final/425_lab_3
CADENCE Design Systems, Inc.
********************************************************************************
Info: Cellview Rev Num:99,  Tech Rev Num:59

WARNING (XSTRM-20): Output Stream file './if_neuron_shortRun.gds' already exists. It will be overwritten.
INFO (XSTRM-288): Performing automatic layer mapping because either the layer mapping information is not provided or the XST_AUTO_LM  value is used with the -layerMap option. Additionally, the  'xStrmOut_layerMap.txt' file has been generated and the mapping information has been added to it.
INFO (XSTRM-162): You have not used the viaMap option. If the OpenAccess design has native oaVia instances, use the -viaMap option for preserving oaVia instances in a Stream Out - Stream In round trip. Using the -viaMap option improves performance and VM usage of applications using the Streamed-In design.  For details on the viaMap option, refer to the "Design Data Translator's Reference" guide for XStream.

Summary of Options :
library                                 Lab4
strmFile                                if_neuron_shortRun.gds
topCell                                 if_neuron_shortRun
view                                    layout
logFile                                 strmOut.log
case                                    Preserve
convertDot                              node

INFO (XSTRM-223): 1. Translating cellView Lab4/d_flip_flop/layout as STRUCTURE d_flip_flop.
INFO (XSTRM-223): 2. Translating cellView Lab4/and2/layout as STRUCTURE and2.
INFO (XSTRM-223): 3. Translating cellView Lab4/one_bit_adder/layout as STRUCTURE one_bit_adder.
INFO (XSTRM-223): 4. Translating cellView Lab4/four_bit_adder/layout as STRUCTURE four_bit_adder.
INFO (XSTRM-223): 5. Translating cellView Lab4/or3/layout as STRUCTURE or3.
INFO (XSTRM-223): 6. Translating cellView Lab4/if_neuron_shortRun/layout as STRUCTURE if_neuron_shortRun.

Summary of Objects Translated:
	Scalar Instances:                       51
	Array Instances:                        0
	Polygons:                               0
	Paths:                                  0
	Rectangles:                             1187
	Lines:                                  0
	Arcs:                                   0
	Donuts:                                 0
	Dots:                                   0
	Ellipses:                               0
	Boundaries:                             0
	Area Blockages:                         0
	Layer Blockages:                        0
	Area Halos:                             0
	Markers:                                0
	Rows:                                   0
	Standard Vias                           0
	Custom Vias:                            0
	CdsGen Vias:                            0
	Pathsegs:                               169
	Text:                                   62
	TextDisplay:                            0
	Cells:                                  6

Elapsed Time: 1.4s   User Time: 0.1s   CPU Time: 0.0s   Peak VM: 2504KB
INFO (XSTRM-234): Translation completed. '0' error(s) and '1' warning(s) found.
