### CustomExplorer log file, revision K-2015.06-1 (build 07/22/15) ###
### created at 10:34:57 on Sat Apr 16 2022 (Linux AMD64) ###
### Host Name: eecad101   User ID: alrosen2   PID: 203576   ###
wv_start_log
# (0) running in waveview only mode
# (0) SW_SX_PERL_LIB defined
# (0) SW_SX_TCL_LIB defined
# (0) HOME defined
wv_move_window CustomWaveView 0 0
wv_resize_window CustomWaveView 800 400
wv_move_window CustomWaveView 0 30
wv_resize_window CustomWaveView 1920 1016
wv_move_window CustomWaveView -10 19
wv_resize_window CustomWaveView 800 400
wv_resize_window CustomWaveView 1920 1016
wv_select_toolbar_item {Import Waveform File}
wv_move_dialog FileDialog 745 202
wv_select_dialog FileDialog
wv_set_text FileDialog.FileName {}
wv_horz_scroll FileDialog.FileList 185
wv_horz_scroll FileDialog.FileList 190
wv_select_list_item FileDialog.FileList testbench_IF.st0
wv_horz_scroll FileDialog.FileList 190
wv_select_list_item FileDialog.FileList testbench_IF.tr0
wv_press_button FileDialog.Ok
wv_expand_tree_item MainWindow.hierview {D0:testbench_IF.tr0}
wv_select_tree_item MainWindow.hierview {D0:testbench_IF.tr0}
wv_select_tree_item MainWindow.hierview {D0:testbench_IF.tr0/toplevel}
wv_select_list_item MainWindow.sigview v(clk)
wv_dclick_list_item MainWindow.sigview v(clk)
wv_select_list_item MainWindow.sigview v(f)
wv_dclick_list_item MainWindow.sigview v(f)
wv_close_window CustomWaveView
wv_move_dialog Confirmation 868 487
wv_select_dialog Confirmation
# wv_press_button Confirmation.Ok
