### CustomExplorer log file, revision K-2015.06-1 (build 07/22/15) ###
### created at 14:16:54 on Mon Apr 18 2022 (Linux AMD64) ###
### Host Name: eecad101   User ID: alrosen2   PID: 62123   ###
wv_start_log
# (0) running in waveview only mode
# (0) SW_SX_PERL_LIB defined
# (0) SW_SX_TCL_LIB defined
# (0) HOME defined
wv_move_window CustomWaveView 0 0
wv_resize_window CustomWaveView 800 400
wv_move_window CustomWaveView 0 30
wv_resize_window CustomWaveView 1920 1016
wv_move_window CustomWaveView -10 19
wv_resize_window CustomWaveView 800 400
wv_resize_window CustomWaveView 1920 1016
wv_select_toolbar_item {Import Waveform File}
wv_move_dialog FileDialog 745 202
wv_select_dialog FileDialog
wv_set_text FileDialog.FileName {}
wv_select_list_item FileDialog.FileList four_bit_adder_tb.tr0
wv_press_button FileDialog.Ok
wv_select_tree_item MainWindow.hierview {D0:four_bit_adder_tb.tr0}
wv_expand_tree_item MainWindow.hierview {D0:four_bit_adder_tb.tr0}
wv_select_tree_item MainWindow.hierview {D0:four_bit_adder_tb.tr0}
wv_expand_tree_item MainWindow.hierview {D0:four_bit_adder_tb.tr0/toplevel}
wv_select_tree_item MainWindow.hierview {D0:four_bit_adder_tb.tr0/toplevel}
wv_select_list_item MainWindow.sigview v(a0)
wv_dclick_list_item MainWindow.sigview v(a0)
wv_select_list_item MainWindow.sigview v(cout)
wv_dclick_list_item MainWindow.sigview v(cout)
wv_select_list_item MainWindow.sigview v(sum0)
wv_dclick_list_item MainWindow.sigview v(sum0)
wv_select_list_item MainWindow.sigview v(sum1)
wv_dclick_list_item MainWindow.sigview v(sum1)
wv_select_list_item MainWindow.sigview v(sum2)
wv_dclick_list_item MainWindow.sigview v(sum2)
wv_select_list_item MainWindow.sigview v(sum3)
wv_dclick_list_item MainWindow.sigview v(sum3)
wv_waveview_context_menu WV1.PANEL1:1.LEGEND
wv_select_context_menu_item {Clear WaveView}
wv_select_list_item MainWindow.sigview v(a0)
wv_dclick_list_item MainWindow.sigview v(a0)
wv_select_list_item MainWindow.sigview v(a1)
wv_dclick_list_item MainWindow.sigview v(a1)
wv_select_list_item MainWindow.sigview v(a2)
wv_dclick_list_item MainWindow.sigview v(a2)
wv_select_list_item MainWindow.sigview v(a3)
wv_dclick_list_item MainWindow.sigview v(a3)
wv_select_list_item MainWindow.sigview v(b0)
wv_dclick_list_item MainWindow.sigview v(b0)
wv_select_list_item MainWindow.sigview v(b1)
wv_dclick_list_item MainWindow.sigview v(b1)
wv_select_list_item MainWindow.sigview v(b2)
wv_dclick_list_item MainWindow.sigview v(b2)
wv_select_list_item MainWindow.sigview v(b3)
wv_dclick_list_item MainWindow.sigview v(b3)
wv_select_wv_item WV1.PANEL1:1.LEGEND
wv_select_panel WV1.PANEL1:1.LEGEND
wv_shift_select_panel WV1.PANEL8:1.LEGEND
wv_release_wv_item WV1 35 800
wv_waveview_context_menu WV1.PANEL8:1.LEGEND
wv_select_context_menu_item {Group}
wv_select_panel WV1.PANEL1:1 5.57351e-09 1.0547
wv_drag_item_to WV1 390 424
wv_select_panel WV1.PANEL1:1 1.27152e-09 1.03017
wv_select_panel WV1.PANEL1:1 2.16159e-09 1.02203
wv_select_wv_item WV1.PANEL1:1.LEGEND
wv_select_panel WV1.PANEL1:1.LEGEND
wv_select_panel WV1.PANEL1:1 3.00927e-09 1.05013
wv_select_list_item MainWindow.sigview v(cout)
wv_dclick_list_item MainWindow.sigview v(cout)
wv_select_list_item MainWindow.sigview v(sum0)
wv_dclick_list_item MainWindow.sigview v(sum0)
wv_select_list_item MainWindow.sigview v(sum1)
wv_dclick_list_item MainWindow.sigview v(sum1)
wv_select_list_item MainWindow.sigview v(sum2)
wv_dclick_list_item MainWindow.sigview v(sum2)
wv_select_list_item MainWindow.sigview v(sum3)
wv_dclick_list_item MainWindow.sigview v(sum3)
wv_select_wv_item WV1.LEGEND.WIDTH
wv_drag_item_to WV1 80 52
wv_move_wv_item WV1.PANEL1:1.LEGEND.WIDTH 160
wv_select_wv_item WV1.LEGEND.WIDTH
wv_drag_item_to WV1 164 66
wv_move_wv_item WV1.PANEL1:1.LEGEND.WIDTH 259
wv_select_wv_item WV1.LEGEND.WIDTH
wv_drag_item_to WV1 258 69
wv_move_wv_item WV1.PANEL1:1.LEGEND.WIDTH 250
wv_close_window CustomWaveView
wv_move_dialog Confirmation 868 487
wv_select_dialog Confirmation
# wv_press_button Confirmation.Ok
