
                                  PYDB_Server 

          Version O-2018.06-SP1 for linux64 - Jul 23, 2018 cl#4289877

                    Copyright (c) 2007 - 2018 Synopsys, Inc.
   This software and the associated documentation are proprietary to Synopsys,
 Inc. This software may only be used in accordance with the terms and conditions
 of a written license agreement with Synopsys, Inc. All other use, reproduction,
            or distribution of this software is strictly prohibited.

variable width coordinate support enabled.
Removing old database /afs/asu.edu/users/j/n/e/jneuenda/425_proj_final/425_lab_3/drc/TOPCELLNAME_err/PYDB_if_neuron
Listening for connections on port 7815
PYDB_Server Started on host eecad5.eas.asu.edu, Mon 04/25/2022 15:01:56
Client eecad5.eas.asu.edu(26502):8 connected (1 total client)
Verified current licenses.
SQLite page_size=65536
SQLite cache_size=65536
SQLite mmap_size=0
SQLite journal_mode=OFF
SQLite version 3.10.0
Client eecad5.eas.asu.edu(26660):18 connected (2 total clients)
Client eecad5.eas.asu.edu(26659):19 connected (3 total clients)
Client eecad5.eas.asu.edu(26660):18 disconnected (2 clients remain)
Client eecad5.eas.asu.edu(26659):19 disconnected (1 client remains)
Shutdown requested by client eecad5.eas.asu.edu(26502):8
0 clients remain connected
Overall server Time=0:00:09  User=0.02 Sys=0.05 Mem=0.335 SQLite=6.523 Unpooled=0.000
