/* ICV_Nettran: RHEL64 O-2018.06-SP1.4289877 2018/07/23 */
/* Created:  4/27/2022   0:43   */

                                  ICV_Nettran 

          Version O-2018.06-SP1 for linux64 - Jul 23, 2018 cl#4289877

                    Copyright (c) 1996 - 2018 Synopsys, Inc.
   This software and the associated documentation are proprietary to Synopsys,
 Inc. This software may only be used in accordance with the terms and conditions
 of a written license agreement with Synopsys, Inc. All other use, reproduction,
            or distribution of this software is strictly prohibited.

Options: -sp /afs/asu.edu/users/j/n/e/jneuenda/425_proj_final/425_lab_3/if_neuron_shortRun.cdl -cell if_neuron_shortRun -dupCell USE_MULTIPLE -sp-ndbConnect -quiet -logFile run_details/icv_nettran.log -globalNets VDD VDD12 VDD22 VSS VSS12 VDD22 VDD2 VDDG VDDH VDDL VDDIO VSSIO -wireLog run_details/nettran_wire.log -dupCellReportFile run_details/nettran_dupCell.log -outName /.netlist_database_sch -outType ndb -ndb-noOrgname -ndb-micron 

Reading "/afs/asu.edu/users/j/n/e/jneuenda/425_proj_final/425_lab_3/if_neuron_shortRun.cdl" netlist ...
WARNING: SPICE netlist scale is set to METER by .*.SCALE statement near line 17 in "/afs/asu.edu/users/j/n/e/jneuenda/425_proj_final/425_lab_3/if_neuron_shortRun.cdl".
Loading cell "one_bit_adder" ...
Loading cell "four_bit_adder" ...
Loading cell "d_flip_flop" ...
Loading cell "and2" ...
Loading cell "or3" ...
Loading cell "if_neuron_shortRun" ...
[Nettran Report] Reading Netlist(s): Check Time=0:00:00  User=0.00 Sys=0.00 Mem=4.468
Processing Hierarchy ...
[Nettran Report] Post Process: Check Time=0:00:00  User=0.00 Sys=0.00 Mem=4.656
Writing NDB netlist ...
[Nettran Report] Output Netlist: Check Time=0:00:00  User=0.01 Sys=0.00 Mem=7.296
Translation completed.
[Nettran Report] Nettran Total Runtime: Check Time=0:00:01  User=0.03 Sys=0.02 Mem=7.296
