### CustomExplorer log file, revision K-2015.06-1 (build 07/22/15) ###
### created at 12:13:36 on Sat Apr  2 2022 (Linux AMD64) ###
### Host Name: eecad1.eas.asu.edu   User ID: alrosen2   PID: 12620   ###
wv_start_log
# (0) running in waveview only mode
# (0) SW_SX_PERL_LIB defined
# (0) SW_SX_TCL_LIB defined
# (0) HOME defined
wv_move_window CustomWaveView 0 0
wv_resize_window CustomWaveView 800 400
wv_move_window CustomWaveView 0 30
wv_resize_window CustomWaveView 1920 1016
wv_move_window CustomWaveView -10 19
wv_resize_window CustomWaveView 800 400
wv_resize_window CustomWaveView 1920 1016
wv_select_toolbar_item {Import Waveform File}
wv_move_dialog FileDialog 745 202
wv_select_dialog FileDialog
wv_set_text FileDialog.FileName {}
wv_select_list_item FileDialog.FileList one_bit_adder_tb.tr0
wv_press_button FileDialog.Ok
wv_select_tree_item MainWindow.hierview {D0:one_bit_adder_tb.tr0}
wv_dclick_tree_item MainWindow.hierview {D0:one_bit_adder_tb.tr0}
wv_select_tree_item MainWindow.hierview {D0:one_bit_adder_tb.tr0}
wv_select_tree_item MainWindow.hierview {D0:one_bit_adder_tb.tr0/toplevel}
wv_select_list_item MainWindow.sigview v(a)
wv_dclick_list_item MainWindow.sigview v(a)
wv_select_list_item MainWindow.sigview v(b)
wv_dclick_list_item MainWindow.sigview v(b)
wv_select_list_item MainWindow.sigview v(cin)
wv_dclick_list_item MainWindow.sigview v(cin)
wv_select_list_item MainWindow.sigview v(cout)
wv_dclick_list_item MainWindow.sigview v(cout)
wv_select_list_item MainWindow.sigview v(sum)
wv_dclick_list_item MainWindow.sigview v(sum)
wv_select_toolbar_item {Import Waveform File}
wv_move_dialog FileDialog 745 202
wv_move_dialog FileDialog 745 201
wv_move_dialog FileDialog 745 202
wv_select_dialog FileDialog
wv_set_text FileDialog.FileName {one_bit_adder_tb.tr0}
wv_close_dialog FileDialog
wv_select_wv_item {WV1.ICON.measurement tool}
wv_move_dialog MeasurementTool 607 260
wv_move_dialog MeasurementTool 617 181
wv_select_dialog MeasurementTool
wv_release_wv_item WV1 145 11
wv_move_dialog MeasurementTool 619 181
wv_move_dialog MeasurementTool 632 185
wv_move_dialog MeasurementTool 642 186
wv_move_dialog MeasurementTool 652 188
wv_move_dialog MeasurementTool 676 190
wv_move_dialog MeasurementTool 698 192
wv_move_dialog MeasurementTool 713 194
wv_move_dialog MeasurementTool 723 197
wv_move_dialog MeasurementTool 746 200
wv_move_dialog MeasurementTool 757 201
wv_move_dialog MeasurementTool 785 204
wv_move_dialog MeasurementTool 801 206
wv_move_dialog MeasurementTool 821 208
wv_move_dialog MeasurementTool 837 211
wv_move_dialog MeasurementTool 856 213
wv_move_dialog MeasurementTool 860 214
wv_move_dialog MeasurementTool 867 214
wv_move_dialog MeasurementTool 879 215
wv_move_dialog MeasurementTool 895 216
wv_move_dialog MeasurementTool 907 218
wv_move_dialog MeasurementTool 909 218
wv_move_dialog MeasurementTool 910 218
wv_move_dialog MeasurementTool 911 218
wv_move_dialog MeasurementTool 911 219
wv_move_dialog MeasurementTool 912 219
# selected MeasurementTool.RefSignal v(b) one_bit_adder_tb.tr0
wv_select_combox_item MeasurementTool.RefSignal {v(b) one_bit_adder_tb.tr0}
# selected MeasurementTool.Signal v(sum) one_bit_adder_tb.tr0
wv_select_combox_item MeasurementTool.Signal {v(sum) one_bit_adder_tb.tr0}
wv_set_radio MeasurementTool.FallEdge
wv_set_radio MeasurementTool.OppositeEdge
wv_press_button MeasurementTool.Ok
wv_select_wv_item {WV1.ICON.measurement tool}
wv_move_dialog MeasurementTool 607 260
wv_move_dialog MeasurementTool 617 181
wv_select_dialog MeasurementTool
wv_release_wv_item WV1 148 12
wv_move_dialog MeasurementTool 628 185
wv_move_dialog MeasurementTool 665 193
wv_move_dialog MeasurementTool 675 195
wv_move_dialog MeasurementTool 697 198
wv_move_dialog MeasurementTool 774 220
wv_move_dialog MeasurementTool 805 229
wv_move_dialog MeasurementTool 838 238
wv_move_dialog MeasurementTool 848 239
# selected MeasurementTool.Signal v(b) one_bit_adder_tb.tr0
wv_select_combox_item MeasurementTool.Signal {v(b) one_bit_adder_tb.tr0}
# selected MeasurementTool.RefSignal v(sum) one_bit_adder_tb.tr0
wv_select_combox_item MeasurementTool.RefSignal {v(sum) one_bit_adder_tb.tr0}
wv_set_radio MeasurementTool.FallEdge
wv_set_radio MeasurementTool.OppositeEdge
wv_press_button MeasurementTool.Ok
wv_select_wv_item WV1.MEAS1
wv_move_wv_item WV1.MEAS1 658 300
wv_select_wv_item WV1.MEAS1.ANCHOR2
wv_move_wv_item WV1.MEAS1.ANCHOR2 628 299
wv_select_wv_item WV1.MEAS1.ANCHOR2
wv_move_wv_item WV1.MEAS1.ANCHOR2 631 305
wv_select_wv_item WV1.MEAS1
wv_move_wv_item WV1.MEAS1 712 327
wv_select_panel WV1.PANEL2:1 4.99073e-09 0.093038
wv_release_wv_item WV1 756 356
wv_select_wv_item WV1.MEAS1
wv_move_wv_item WV1.MEAS1 756 356
wv_select_wv_item WV1.MEAS1
wv_drag_item_to WV1 778 381
wv_move_wv_item WV1.MEAS1 1388 293
wv_select_wv_item WV1.MEAS1.ANCHOR2
wv_move_wv_item WV1.MEAS1.ANCHOR2 1135 299
wv_release_wv_item WV1 1134 299
wv_select_wv_item WV1.MEAS1.ANCHOR2
wv_move_wv_item WV1.MEAS1.ANCHOR2 1134 304
wv_select_wv_item {WV1.ICON.measurement tool}
wv_move_dialog MeasurementTool 607 260
wv_release_wv_item WV1 144 13
wv_move_dialog MeasurementTool 617 181
wv_select_dialog MeasurementTool
wv_press_button MeasurementTool.Close
wv_resize_window CustomWaveView 1717 904
wv_resize_window CustomWaveView 1920 1016
wv_resize_window CustomWaveView 1717 904
wv_close_window CustomWaveView
wv_move_dialog Confirmation 766 431
wv_select_dialog Confirmation
# wv_press_button Confirmation.Ok
