/* ICV_Nettran: RHEL64 O-2018.06-SP1.4289877 2018/07/23 */
/* Created:  4/03/2022  14:37   */

                                  ICV_Nettran 

          Version O-2018.06-SP1 for linux64 - Jul 23, 2018 cl#4289877

                    Copyright (c) 1996 - 2018 Synopsys, Inc.
   This software and the associated documentation are proprietary to Synopsys,
 Inc. This software may only be used in accordance with the terms and conditions
 of a written license agreement with Synopsys, Inc. All other use, reproduction,
            or distribution of this software is strictly prohibited.

Options: -sp netlist.sp -cell one_bit_adder_Leg1 -dupCell USE_MULTIPLE -sp-ndbConnect -quiet -logFile run_details/icv_nettran.log -globalNets VDD VDD12 VDD22 VSS VSS12 VDD22 VDD2 VDDG VDDH VDDL VDDIO VSSIO -wireLog run_details/nettran_wire.log -dupCellReportFile run_details/nettran_dupCell.log -outName /.netlist_database_sch -outType ndb -ndb-noOrgname -ndb-micron 

Reading "netlist.sp" netlist ...
WARNING: SPICE netlist scale is set to METER by .*.SCALE statement near line 17 in "netlist.sp".
Loading cell "one_bit_adder_Leg1" ...
[Nettran Report] Reading Netlist(s): Check Time=0:00:00  User=0.00 Sys=0.00 Mem=3.984
Processing Hierarchy ...
[Nettran Report] Post Process: Check Time=0:00:00  User=0.00 Sys=0.00 Mem=4.140
Writing NDB netlist ...
[Nettran Report] Output Netlist: Check Time=0:00:00  User=0.00 Sys=0.00 Mem=10.093
Translation completed.
[Nettran Report] Nettran Total Runtime: Check Time=0:00:01  User=0.01 Sys=0.02 Mem=10.093
