\o Program:		@(#)$CDS: libManager version 6.1.7 - CAT35 06/05/2018 21:25 (sjfhw306) $
\o Sub version:		sub-version  s211 
\o Arguments:		-unmapped -mpssession virtuoso264081 -mpshost eecad103 
\o Working Directory:	eecad103:/afs/asu.edu/users/j/n/e/jneuenda/425_proj_final/425_lab_3/Lab4
\o 64-bit offsets
\o Qt version: 		4.8.5
\o changeWorkingDir("/afs/asu.edu/users/j/n/e/jneuenda/425_proj_final/425_lab_3/Lab4") unnecessary.
\o ddSetForcedLib("") unnecessary.
\o Log file is "/afs/asu.edu/users/j/n/e/jneuenda/425_proj_final/425_lab_3/Lab4/libManager.log".
\o Opening libManager window.
\a nrSetWindowVisibility(cdsLibManager "show")
\o MPS service: map window
\a nrSetCurrentWindow(cdsLibManager)
\o Library Manager customization server connected.
\a nrResizeWindow(cdsLibManager list(16 85 1536 801))
\a nrResizeWindow(cdsLibManager list(2 50 1536 801))
\a _lmgrCloseIconify("cdsLibManager" 1)
\a nrResizeWindow(cdsLibManager list(0 0 1536 801))
\o MPS service: shutdown
\o libManager is exiting.
\a nrSetWindowVisibility(cdsLibManager "hide")
\a exit(0)
