
                                  PYDB_Server 

          Version O-2018.06-SP1 for linux64 - Jul 23, 2018 cl#4289877

                    Copyright (c) 2007 - 2018 Synopsys, Inc.
   This software and the associated documentation are proprietary to Synopsys,
 Inc. This software may only be used in accordance with the terms and conditions
 of a written license agreement with Synopsys, Inc. All other use, reproduction,
            or distribution of this software is strictly prohibited.

variable width coordinate support enabled.
Listening for connections on port 7716
PYDB_Server Started on host eecad6.eas.asu.edu, Wed 04/27/2022 00:32:31
Client eecad6.eas.asu.edu(30427):8 connected (1 total client)
Verified current licenses.
SQLite page_size=65536
SQLite cache_size=65536
SQLite mmap_size=0
SQLite journal_mode=OFF
SQLite version 3.10.0
Client eecad6.eas.asu.edu(30494):18 connected (2 total clients)
Client eecad6.eas.asu.edu(30495):19 connected (3 total clients)
Client eecad6.eas.asu.edu(30495):19 disconnected (2 clients remain)
Client eecad6.eas.asu.edu(30494):18 disconnected (1 client remains)
Client eecad6.eas.asu.edu(30495):18 connected (2 total clients)
Client eecad6.eas.asu.edu(30494):19 connected (3 total clients)
Client eecad6.eas.asu.edu(30495):18 disconnected (2 clients remain)
Client eecad6.eas.asu.edu(30495):18 connected (3 total clients)
Client eecad6.eas.asu.edu(30495):18 disconnected (2 clients remain)
Client eecad6.eas.asu.edu(30495):18 connected (3 total clients)
Client eecad6.eas.asu.edu(30495):18 disconnected (2 clients remain)
Client eecad6.eas.asu.edu(30494):19 disconnected (1 client remains)
Generating /afs/asu.edu/users/j/n/e/jneuenda/425_proj_final/425_lab_3/lvs/if_neuron_shortRun.LAYOUT_ERRORS
  Generation Time=0:00:00  User=0.00 Sys=0.00 Mem=0.507
Shutdown requested by client eecad6.eas.asu.edu(30427):8
0 clients remain connected
Overall server Time=0:00:38  User=0.01 Sys=0.04 Mem=0.507 SQLite=6.523 Unpooled=0.000

                                  PYDB_Server 

          Version O-2018.06-SP1 for linux64 - Jul 23, 2018 cl#4289877

                    Copyright (c) 2007 - 2018 Synopsys, Inc.
   This software and the associated documentation are proprietary to Synopsys,
 Inc. This software may only be used in accordance with the terms and conditions
 of a written license agreement with Synopsys, Inc. All other use, reproduction,
            or distribution of this software is strictly prohibited.

variable width coordinate support enabled.
Listening for connections on port 7016
PYDB_Server Started on host eecad6.eas.asu.edu, Wed 04/27/2022 00:33:18
Client eecad6.eas.asu.edu(28981):8 connected (1 total client)
Verified current licenses.
SQLite page_size=65536
SQLite cache_size=65536
SQLite mmap_size=0
SQLite journal_mode=OFF
SQLite version 3.10.0
Shutdown requested by client eecad6.eas.asu.edu(28981):8
0 clients remain connected
Overall server Time=0:00:12  User=0.01 Sys=0.00 Mem=0.359 SQLite=6.460 Unpooled=0.000
